[01:46:22.727 Verbose] - BuildManager - Some of the paths are absolute. This may prevent Live Unit Testing from building to the correct location.
[01:46:22.730 Verbose] - BuildManager - Property BaseOutputPath evaluated to 'bin\' via:
BaseOutputPath: '$([MSBuild]::EnsureTrailingSlash($([MSBuild]::ValueOrDefault('$(BaseOutputPath)', 'bin'))))' @ C:\Program Files (x86)\Microsoft Visual Studio\2019\Enterprise\MSBuild\Current\Bin\Microsoft.Common.CurrentVersion.targets:154
  BaseOutputPath: 'bin\' @ C:\Program Files\dotnet\sdk\5.0.200\Sdks\Microsoft.NET.Sdk\targets\Microsoft.NET.DefaultOutputPaths.targets:31
[01:46:22.731 Verbose] - BuildManager - Property BaseIntermediateOutputPath evaluated to 'C:\Users\user\source\repos\SoftwareTestingProject\UserAdministration\UserAdministration\obj\' via:
BaseIntermediateOutputPath: '$(MSBuildProjectDirectory)\$(BaseIntermediateOutputPath)' @ C:\Program Files\dotnet\sdk\5.0.200\Sdks\Microsoft.NET.Sdk.Publish\targets\Microsoft.NET.Sdk.Publish.targets:80
  MSBuildProjectDirectory: 'C:\Users\user\source\repos\SoftwareTestingProject\UserAdministration\UserAdministration'
  BaseIntermediateOutputPath: '$([MSBuild]::EnsureTrailingSlash($([MSBuild]::ValueOrDefault('$(BaseIntermediateOutputPath)', 'obj'))))' @ C:\Program Files (x86)\Microsoft Visual Studio\2019\Enterprise\MSBuild\Current\Bin\Microsoft.Common.CurrentVersion.targets:159
    BaseIntermediateOutputPath: '$([MSBuild]::EnsureTrailingSlash($([MSBuild]::ValueOrDefault('$(BaseIntermediateOutputPath)', 'obj'))))' @ C:\Program Files (x86)\Microsoft Visual Studio\2019\Enterprise\MSBuild\Current\Microsoft.Common.props:46
      BaseIntermediateOutputPath: '[Undefined]'
[01:46:22.732 Verbose] - BuildManager - Property IntermediateOutputPath evaluated to 'obj\Debug\netcoreapp3.1\' via:
IntermediateOutputPath: '$([MSBuild]::EnsureTrailingSlash('$(IntermediateOutputPath)'))' @ C:\Program Files (x86)\Microsoft Visual Studio\2019\Enterprise\MSBuild\Current\Bin\Microsoft.Common.CurrentVersion.targets:162
  IntermediateOutputPath: '$(IntermediateOutputPath)$(TargetFramework.ToLowerInvariant())\' @ C:\Program Files\dotnet\sdk\5.0.200\Sdks\Microsoft.NET.Sdk\targets\Microsoft.NET.TargetFrameworkInference.targets:241
    IntermediateOutputPath: '$(BaseIntermediateOutputPath)$(Configuration)\' @ C:\Program Files\dotnet\sdk\5.0.200\Sdks\Microsoft.NET.Sdk\targets\Microsoft.NET.DefaultOutputPaths.targets:39
      BaseIntermediateOutputPath: '$([MSBuild]::EnsureTrailingSlash($([MSBuild]::ValueOrDefault('$(BaseIntermediateOutputPath)', 'obj'))))' @ C:\Program Files (x86)\Microsoft Visual Studio\2019\Enterprise\MSBuild\Current\Microsoft.Common.props:46
        BaseIntermediateOutputPath: '[Undefined]'
      Configuration: 'Debug'
[01:46:22.732 Verbose] - BuildManager - Property OutputPath evaluated to 'bin\Debug\netcoreapp3.1\' via:
OutputPath: '$([MSBuild]::EnsureTrailingSlash('$(OutputPath)'))' @ C:\Program Files (x86)\Microsoft Visual Studio\2019\Enterprise\MSBuild\Current\Bin\Microsoft.Common.CurrentVersion.targets:157
  OutputPath: '$(OutputPath)$(TargetFramework.ToLowerInvariant())\' @ C:\Program Files\dotnet\sdk\5.0.200\Sdks\Microsoft.NET.Sdk\targets\Microsoft.NET.TargetFrameworkInference.targets:242
    OutputPath: '$(BaseOutputPath)$(Configuration)\' @ C:\Program Files\dotnet\sdk\5.0.200\Sdks\Microsoft.NET.Sdk\targets\Microsoft.NET.DefaultOutputPaths.targets:33
      BaseOutputPath: 'bin\' @ C:\Program Files\dotnet\sdk\5.0.200\Sdks\Microsoft.NET.Sdk\targets\Microsoft.NET.DefaultOutputPaths.targets:31
      Configuration: 'Debug'
[01:46:22.733 Verbose] - BuildManager - Property OutDir evaluated to 'bin\Debug\netcoreapp3.1\' via:
OutDir: '$([MSBuild]::EnsureTrailingSlash($([MSBuild]::ValueOrDefault('$(OutDir)', '$(OutputPath)'))))' @ C:\Program Files (x86)\Microsoft Visual Studio\2019\Enterprise\MSBuild\Current\Bin\Microsoft.Common.CurrentVersion.targets:230
  OutDir: '[Undefined]'
  OutputPath: '$([MSBuild]::EnsureTrailingSlash('$(OutputPath)'))' @ C:\Program Files (x86)\Microsoft Visual Studio\2019\Enterprise\MSBuild\Current\Bin\Microsoft.Common.CurrentVersion.targets:157
    OutputPath: '$(OutputPath)$(TargetFramework.ToLowerInvariant())\' @ C:\Program Files\dotnet\sdk\5.0.200\Sdks\Microsoft.NET.Sdk\targets\Microsoft.NET.TargetFrameworkInference.targets:242
      OutputPath: '$(BaseOutputPath)$(Configuration)\' @ C:\Program Files\dotnet\sdk\5.0.200\Sdks\Microsoft.NET.Sdk\targets\Microsoft.NET.DefaultOutputPaths.targets:33
        BaseOutputPath: 'bin\' @ C:\Program Files\dotnet\sdk\5.0.200\Sdks\Microsoft.NET.Sdk\targets\Microsoft.NET.DefaultOutputPaths.targets:31
        Configuration: 'Debug'
[01:46:27.251 Verbose] - BuildManager - C:\Users\user\source\repos\SoftwareTestingProject\UserAdministration\UserAdministration\Pages\_Host.cshtml(20,81): error CS0246: Der Typ- oder Namespacename "App" wurde nicht gefunden (möglicherweise fehlt eine using-Direktive oder ein Assemblyverweis).
[01:46:27.284 Verbose] - BuildManager - Some of the file paths defined in the csproj under the Live Unit Testing build path are missing. Verify whether these files should be present under the Live Unit Testing build path and if necessary update the csproj definition to look these files up in a different place.
[01:46:27.285 Verbose] - BuildManager - Item _OutputPathItem 'C:\Users\user\source\repos\SoftwareTestingProject\UserAdministration\.vs\UserAdministration\v16\lut\0\b\UserAdministration\bin\Debug\netcoreapp3.1\' evaluated via:
_OutputPathItem: '$(OutDir)' @ C:\Program Files (x86)\Microsoft Visual Studio\2019\Enterprise\MSBuild\Current\Bin\Microsoft.Common.CurrentVersion.targets:309
  OutDir: '$([MSBuild]::EnsureTrailingSlash($([MSBuild]::ValueOrDefault('$(OutDir)', '$(OutputPath)'))))' @ C:\Program Files (x86)\Microsoft Visual Studio\2019\Enterprise\MSBuild\Current\Bin\Microsoft.Common.CurrentVersion.targets:230
    OutDir: 'C:\Users\user\source\repos\SoftwareTestingProject\UserAdministration\.vs\UserAdministration\v16\lut\0\b\UserAdministration\bin\Debug\netcoreapp3.1\' @ C:\Users\user\source\repos\SoftwareTestingProject\UserAdministration\UserAdministration\UserAdministration.csproj:0
    OutputPath: '$([MSBuild]::EnsureTrailingSlash('$(OutputPath)'))' @ C:\Program Files (x86)\Microsoft Visual Studio\2019\Enterprise\MSBuild\Current\Bin\Microsoft.Common.CurrentVersion.targets:157
      OutputPath: '$(OutputPath)$(TargetFramework.ToLowerInvariant())\' @ C:\Program Files\dotnet\sdk\5.0.200\Sdks\Microsoft.NET.Sdk\targets\Microsoft.NET.TargetFrameworkInference.targets:242
        OutputPath: 'C:\Users\user\source\repos\SoftwareTestingProject\UserAdministration\.vs\UserAdministration\v16\lut\0\b\UserAdministration\bin\Debug\netcoreapp3.1\' @ C:\Users\user\source\repos\SoftwareTestingProject\UserAdministration\UserAdministration\UserAdministration.csproj:0
[01:46:27.285 Verbose] - BuildManager - Item AppConfigFileDestination 'C:\Users\user\source\repos\SoftwareTestingProject\UserAdministration\.vs\UserAdministration\v16\lut\0\b\UserAdministration\bin\Debug\netcoreapp3.1\UserAdministration.dll.config' evaluated via:
AppConfigFileDestination: '$(OutDir)$(TargetFileName).config' @ C:\Program Files (x86)\Microsoft Visual Studio\2019\Enterprise\MSBuild\Current\Bin\Microsoft.Common.CurrentVersion.targets:337
  OutDir: '$([MSBuild]::EnsureTrailingSlash($([MSBuild]::ValueOrDefault('$(OutDir)', '$(OutputPath)'))))' @ C:\Program Files (x86)\Microsoft Visual Studio\2019\Enterprise\MSBuild\Current\Bin\Microsoft.Common.CurrentVersion.targets:230
    OutDir: 'C:\Users\user\source\repos\SoftwareTestingProject\UserAdministration\.vs\UserAdministration\v16\lut\0\b\UserAdministration\bin\Debug\netcoreapp3.1\' @ C:\Users\user\source\repos\SoftwareTestingProject\UserAdministration\UserAdministration\UserAdministration.csproj:0
    OutputPath: '$([MSBuild]::EnsureTrailingSlash('$(OutputPath)'))' @ C:\Program Files (x86)\Microsoft Visual Studio\2019\Enterprise\MSBuild\Current\Bin\Microsoft.Common.CurrentVersion.targets:157
      OutputPath: '$(OutputPath)$(TargetFramework.ToLowerInvariant())\' @ C:\Program Files\dotnet\sdk\5.0.200\Sdks\Microsoft.NET.Sdk\targets\Microsoft.NET.TargetFrameworkInference.targets:242
        OutputPath: 'C:\Users\user\source\repos\SoftwareTestingProject\UserAdministration\.vs\UserAdministration\v16\lut\0\b\UserAdministration\bin\Debug\netcoreapp3.1\' @ C:\Users\user\source\repos\SoftwareTestingProject\UserAdministration\UserAdministration\UserAdministration.csproj:0
  TargetFileName: '$(TargetName)$(TargetExt)' @ C:\Program Files (x86)\Microsoft Visual Studio\2019\Enterprise\MSBuild\Current\Bin\Microsoft.Common.CurrentVersion.targets:247
    TargetName: '$(AssemblyName)' @ C:\Program Files (x86)\Microsoft Visual Studio\2019\Enterprise\MSBuild\Current\Bin\Microsoft.Common.CurrentVersion.targets:239
      AssemblyName: '$(MSBuildProjectName)' @ C:\Program Files\dotnet\sdk\5.0.200\Sdks\Microsoft.NET.Sdk\targets\Microsoft.NET.Sdk.props:32
        MSBuildProjectName: 'UserAdministration'
    TargetExt: '.dll' @ C:\Program Files\dotnet\sdk\5.0.200\Sdks\Microsoft.NET.Sdk\targets\Microsoft.NET.Sdk.BeforeCommon.targets:101
[01:46:27.285 Verbose] - BuildManager - Item _DebugSymbolsOutputPath 'C:\Users\user\source\repos\SoftwareTestingProject\UserAdministration\.vs\UserAdministration\v16\lut\0\b\UserAdministration\bin\Debug\netcoreapp3.1\UserAdministration.pdb' evaluated via:
_DebugSymbolsOutputPath: '@(_DebugSymbolsIntermediatePath->'$(OutDir)%(Filename)%(Extension)')' @ C:\Program Files (x86)\Microsoft Visual Studio\2019\Enterprise\MSBuild\Current\Bin\Microsoft.Common.CurrentVersion.targets:400
  OutDir: '$([MSBuild]::EnsureTrailingSlash($([MSBuild]::ValueOrDefault('$(OutDir)', '$(OutputPath)'))))' @ C:\Program Files (x86)\Microsoft Visual Studio\2019\Enterprise\MSBuild\Current\Bin\Microsoft.Common.CurrentVersion.targets:230
    OutDir: 'C:\Users\user\source\repos\SoftwareTestingProject\UserAdministration\.vs\UserAdministration\v16\lut\0\b\UserAdministration\bin\Debug\netcoreapp3.1\' @ C:\Users\user\source\repos\SoftwareTestingProject\UserAdministration\UserAdministration\UserAdministration.csproj:0
    OutputPath: '$([MSBuild]::EnsureTrailingSlash('$(OutputPath)'))' @ C:\Program Files (x86)\Microsoft Visual Studio\2019\Enterprise\MSBuild\Current\Bin\Microsoft.Common.CurrentVersion.targets:157
      OutputPath: '$(OutputPath)$(TargetFramework.ToLowerInvariant())\' @ C:\Program Files\dotnet\sdk\5.0.200\Sdks\Microsoft.NET.Sdk\targets\Microsoft.NET.TargetFrameworkInference.targets:242
        OutputPath: 'C:\Users\user\source\repos\SoftwareTestingProject\UserAdministration\.vs\UserAdministration\v16\lut\0\b\UserAdministration\bin\Debug\netcoreapp3.1\' @ C:\Users\user\source\repos\SoftwareTestingProject\UserAdministration\UserAdministration\UserAdministration.csproj:0
[01:46:27.285 Verbose] - BuildManager - Item _ApplicationManifestFinal 'C:\Users\user\source\repos\SoftwareTestingProject\UserAdministration\.vs\UserAdministration\v16\lut\0\b\UserAdministration\bin\Debug\netcoreapp3.1\UserAdministration.dll.manifest' evaluated via:
_ApplicationManifestFinal: '$(OutDir)$(_DeploymentTargetApplicationManifestFileName)' @ C:\Program Files (x86)\Microsoft Visual Studio\2019\Enterprise\MSBuild\Current\Bin\Microsoft.Common.CurrentVersion.targets:438
  OutDir: '$([MSBuild]::EnsureTrailingSlash($([MSBuild]::ValueOrDefault('$(OutDir)', '$(OutputPath)'))))' @ C:\Program Files (x86)\Microsoft Visual Studio\2019\Enterprise\MSBuild\Current\Bin\Microsoft.Common.CurrentVersion.targets:230
    OutDir: 'C:\Users\user\source\repos\SoftwareTestingProject\UserAdministration\.vs\UserAdministration\v16\lut\0\b\UserAdministration\bin\Debug\netcoreapp3.1\' @ C:\Users\user\source\repos\SoftwareTestingProject\UserAdministration\UserAdministration\UserAdministration.csproj:0
    OutputPath: '$([MSBuild]::EnsureTrailingSlash('$(OutputPath)'))' @ C:\Program Files (x86)\Microsoft Visual Studio\2019\Enterprise\MSBuild\Current\Bin\Microsoft.Common.CurrentVersion.targets:157
      OutputPath: '$(OutputPath)$(TargetFramework.ToLowerInvariant())\' @ C:\Program Files\dotnet\sdk\5.0.200\Sdks\Microsoft.NET.Sdk\targets\Microsoft.NET.TargetFrameworkInference.targets:242
        OutputPath: 'C:\Users\user\source\repos\SoftwareTestingProject\UserAdministration\.vs\UserAdministration\v16\lut\0\b\UserAdministration\bin\Debug\netcoreapp3.1\' @ C:\Users\user\source\repos\SoftwareTestingProject\UserAdministration\UserAdministration\UserAdministration.csproj:0
  _DeploymentTargetApplicationManifestFileName: '$(TargetFileName).manifest' @ C:\Program Files (x86)\Microsoft Visual Studio\2019\Enterprise\MSBuild\Current\Bin\Microsoft.Common.CurrentVersion.targets:267
    TargetFileName: '$(TargetName)$(TargetExt)' @ C:\Program Files (x86)\Microsoft Visual Studio\2019\Enterprise\MSBuild\Current\Bin\Microsoft.Common.CurrentVersion.targets:247
      TargetName: '$(AssemblyName)' @ C:\Program Files (x86)\Microsoft Visual Studio\2019\Enterprise\MSBuild\Current\Bin\Microsoft.Common.CurrentVersion.targets:239
        AssemblyName: '$(MSBuildProjectName)' @ C:\Program Files\dotnet\sdk\5.0.200\Sdks\Microsoft.NET.Sdk\targets\Microsoft.NET.Sdk.props:32
          MSBuildProjectName: 'UserAdministration'
      TargetExt: '.dll' @ C:\Program Files\dotnet\sdk\5.0.200\Sdks\Microsoft.NET.Sdk\targets\Microsoft.NET.Sdk.BeforeCommon.targets:101
